2020-11-17 16:25:40,391 [main] [com.example.demo.SpringbootSwaggerApplication] [INFO] (StartupInfoLogger.java:50)- Starting SpringbootSwaggerApplication on DESKTOP-MPF9R39 with PID 13264 (E:\workspace-spring-tool-suite-4-4.1.2.RELEASE\springboot-swagger\target\classes started by zuoruibo in E:\workspace-spring-tool-suite-4-4.1.2.RELEASE\springboot-swagger)
2020-11-17 16:25:40,394 [main] [com.example.demo.SpringbootSwaggerApplication] [DEBUG] (StartupInfoLogger.java:53)- Running with Spring Boot v2.1.3.RELEASE, Spring v5.1.5.RELEASE
2020-11-17 16:25:40,395 [main] [com.example.demo.SpringbootSwaggerApplication] [INFO] (SpringApplication.java:675)- No active profile set, falling back to default profiles: default
2020-11-17 16:25:42,471 [main] [com.example.demo.SpringbootSwaggerApplication] [INFO] (StartupInfoLogger.java:59)- Started SpringbootSwaggerApplication in 2.378 seconds (JVM running for 4.182)
2020-11-17 16:26:34,482 [http-nio-9090-exec-1] [com.example.demo.config.MyHttpInterceptor] [INFO] (MyHttpInterceptor.java:41)- 请求参数, url: http://localhost:9090/error, method: GET, params: null
2020-11-17 16:26:34,928 [http-nio-9090-exec-2] [com.example.demo.config.MyHttpInterceptor] [INFO] (MyHttpInterceptor.java:41)- 请求参数, url: http://localhost:9090/error, method: GET, params: null
2020-11-17 16:26:35,147 [http-nio-9090-exec-3] [com.example.demo.config.MyHttpInterceptor] [INFO] (MyHttpInterceptor.java:41)- 请求参数, url: http://localhost:9090/hello, method: GET, params: null
2020-11-17 16:26:35,148 [http-nio-9090-exec-3] [com.example.demo.rest.InitRest] [INFO] (InitRest.java:35)- hello
2020-11-17 16:26:45,053 [http-nio-9090-exec-4] [com.example.demo.config.MyHttpInterceptor] [INFO] (MyHttpInterceptor.java:41)- 请求参数, url: http://localhost:9090/error, method: GET, params: null
2020-11-17 16:26:45,661 [http-nio-9090-exec-6] [com.example.demo.config.MyHttpInterceptor] [INFO] (MyHttpInterceptor.java:41)- 请求参数, url: http://localhost:9090/error, method: GET, params: null
2020-11-17 16:26:45,966 [http-nio-9090-exec-7] [com.example.demo.config.MyHttpInterceptor] [INFO] (MyHttpInterceptor.java:41)- 请求参数, url: http://localhost:9090/error, method: GET, params: null
2020-11-17 16:27:50,466 [http-nio-9090-exec-10] [com.example.demo.config.MyHttpInterceptor] [INFO] (MyHttpInterceptor.java:41)- 请求参数, url: http://localhost:9090/error, method: GET, params: null
2020-11-17 16:28:01,846 [http-nio-9090-exec-2] [com.example.demo.config.MyHttpInterceptor] [INFO] (MyHttpInterceptor.java:41)- 请求参数, url: http://localhost:9090/error, method: GET, params: null
2020-11-17 16:28:02,444 [http-nio-9090-exec-3] [com.example.demo.config.MyHttpInterceptor] [INFO] (MyHttpInterceptor.java:41)- 请求参数, url: http://localhost:9090/error, method: GET, params: null
2020-11-17 16:28:03,047 [http-nio-9090-exec-4] [com.example.demo.config.MyHttpInterceptor] [INFO] (MyHttpInterceptor.java:41)- 请求参数, url: http://localhost:9090/error, method: GET, params: null
2020-11-17 16:28:03,659 [http-nio-9090-exec-5] [com.example.demo.config.MyHttpInterceptor] [INFO] (MyHttpInterceptor.java:41)- 请求参数, url: http://localhost:9090/error, method: GET, params: null
2020-11-17 16:28:04,261 [http-nio-9090-exec-6] [com.example.demo.config.MyHttpInterceptor] [INFO] (MyHttpInterceptor.java:41)- 请求参数, url: http://localhost:9090/error, method: GET, params: null
2020-11-17 16:28:04,876 [http-nio-9090-exec-7] [com.example.demo.config.MyHttpInterceptor] [INFO] (MyHttpInterceptor.java:41)- 请求参数, url: http://localhost:9090/error, method: GET, params: null
2020-11-17 16:28:05,067 [http-nio-9090-exec-8] [com.example.demo.config.MyHttpInterceptor] [INFO] (MyHttpInterceptor.java:41)- 请求参数, url: http://localhost:9090/error, method: GET, params: null
2020-11-17 16:33:26,040 [main] [com.example.demo.SpringbootSwaggerApplication] [INFO] (StartupInfoLogger.java:50)- Starting SpringbootSwaggerApplication on DESKTOP-MPF9R39 with PID 11676 (E:\workspace-spring-tool-suite-4-4.1.2.RELEASE\springboot-swagger\target\classes started by zuoruibo in E:\workspace-spring-tool-suite-4-4.1.2.RELEASE\springboot-swagger)
2020-11-17 16:33:26,046 [main] [com.example.demo.SpringbootSwaggerApplication] [DEBUG] (StartupInfoLogger.java:53)- Running with Spring Boot v2.1.3.RELEASE, Spring v5.1.5.RELEASE
2020-11-17 16:33:26,047 [main] [com.example.demo.SpringbootSwaggerApplication] [INFO] (SpringApplication.java:675)- No active profile set, falling back to default profiles: default
2020-11-17 16:34:19,305 [main] [com.example.demo.SpringbootSwaggerApplication] [INFO] (StartupInfoLogger.java:50)- Starting SpringbootSwaggerApplication on DESKTOP-MPF9R39 with PID 6152 (E:\workspace-spring-tool-suite-4-4.1.2.RELEASE\springboot-swagger\target\classes started by zuoruibo in E:\workspace-spring-tool-suite-4-4.1.2.RELEASE\springboot-swagger)
2020-11-17 16:34:19,307 [main] [com.example.demo.SpringbootSwaggerApplication] [DEBUG] (StartupInfoLogger.java:53)- Running with Spring Boot v2.1.3.RELEASE, Spring v5.1.5.RELEASE
2020-11-17 16:34:19,309 [main] [com.example.demo.SpringbootSwaggerApplication] [INFO] (SpringApplication.java:675)- No active profile set, falling back to default profiles: default
2020-11-17 16:34:21,440 [main] [com.example.demo.SpringbootSwaggerApplication] [INFO] (StartupInfoLogger.java:59)- Started SpringbootSwaggerApplication in 2.454 seconds (JVM running for 4.281)
